[2019-10-21 16:32:58] production.ERROR: SQLSTATE[HY000] [2002] Connection refused (SQL: select max(`batch`) as aggregate from `migrations`) {"exception":"[object] (Illuminate\\Database\\QueryException(code: 2002): SQLSTATE[HY000] [2002] Connection refused (SQL: select max(`batch`) as aggregate from `migrations`) at /Applications/MAMP/htdocs/new-vision/aGoodFit/vendor/laravel/framework/src/Illuminate/Database/Connection.php:664, PDOException(code: 2002): SQLSTATE[HY000] [2002] Connection refused at /Applications/MAMP/htdocs/new-vision/aGoodFit/vendor/laravel/framework/src/Illuminate/Database/Connectors/Connector.php:70)
[stacktrace]
#0 /Applications/MAMP/htdocs/new-vision/aGoodFit/vendor/laravel/framework/src/Illuminate/Database/Connection.php(624): Illuminate\\Database\\Connection->runQueryCallback('select max(`bat...', Array, Object(Closure))
#1 /Applications/MAMP/htdocs/new-vision/aGoodFit/vendor/laravel/framework/src/Illuminate/Database/Connection.php(333): Illuminate\\Database\\Connection->run('select max(`bat...', Array, Object(Closure))
#2 /Applications/MAMP/htdocs/new-vision/aGoodFit/vendor/laravel/framework/src/Illuminate/Database/Query/Builder.php(2130): Illuminate\\Database\\Connection->select('select max(`bat...', Array, false)
#3 /Applications/MAMP/htdocs/new-vision/aGoodFit/vendor/laravel/framework/src/Illuminate/Database/Query/Builder.php(2118): Illuminate\\Database\\Query\\Builder->runSelect()
#4 /Applications/MAMP/htdocs/new-vision/aGoodFit/vendor/laravel/framework/src/Illuminate/Database/Query/Builder.php(2604): Illuminate\\Database\\Query\\Builder->Illuminate\\Database\\Query\\{closure}()
#5 /Applications/MAMP/htdocs/new-vision/aGoodFit/vendor/laravel/framework/src/Illuminate/Database/Query/Builder.php(2119): Illuminate\\Database\\Query\\Builder->onceWithColumns(Array, Object(Closure))
#6 /Applications/MAMP/htdocs/new-vision/aGoodFit/vendor/laravel/framework/src/Illuminate/Database/Query/Builder.php(2531): Illuminate\\Database\\Query\\Builder->get(Array)
#7 /Applications/MAMP/htdocs/new-vision/aGoodFit/vendor/laravel/framework/src/Illuminate/Database/Query/Builder.php(2481): Illuminate\\Database\\Query\\Builder->aggregate('max', Array)
#8 /Applications/MAMP/htdocs/new-vision/aGoodFit/vendor/laravel/framework/src/Illuminate/Database/Migrations/DatabaseMigrationRepository.php(138): Illuminate\\Database\\Query\\Builder->max('batch')
#9 /Applications/MAMP/htdocs/new-vision/aGoodFit/vendor/laravel/framework/src/Illuminate/Database/Migrations/DatabaseMigrationRepository.php(78): Illuminate\\Database\\Migrations\\DatabaseMigrationRepository->getLastBatchNumber()
#10 /Applications/MAMP/htdocs/new-vision/aGoodFit/vendor/laravel/framework/src/Illuminate/Database/Migrations/Migrator.php(244): Illuminate\\Database\\Migrations\\DatabaseMigrationRepository->getLast()
#11 /Applications/MAMP/htdocs/new-vision/aGoodFit/vendor/laravel/framework/src/Illuminate/Database/Migrations/Migrator.php(221): Illuminate\\Database\\Migrations\\Migrator->getMigrationsForRollback(Array)
#12 /Applications/MAMP/htdocs/new-vision/aGoodFit/vendor/laravel/framework/src/Illuminate/Database/Console/Migrations/RollbackCommand.php(63): Illuminate\\Database\\Migrations\\Migrator->rollback(Array, Array)
#13 [internal function]: Illuminate\\Database\\Console\\Migrations\\RollbackCommand->handle()
#14 /Applications/MAMP/htdocs/new-vision/aGoodFit/vendor/laravel/framework/src/Illuminate/Container/BoundMethod.php(32): call_user_func_array(Array, Array)
#15 /Applications/MAMP/htdocs/new-vision/aGoodFit/vendor/laravel/framework/src/Illuminate/Container/BoundMethod.php(90): Illuminate\\Container\\BoundMethod::Illuminate\\Container\\{closure}()
#16 /Applications/MAMP/htdocs/new-vision/aGoodFit/vendor/laravel/framework/src/Illuminate/Container/BoundMethod.php(34): Illuminate\\Container\\BoundMethod::callBoundMethod(Object(Illuminate\\Foundation\\Application), Array, Object(Closure))
#17 /Applications/MAMP/htdocs/new-vision/aGoodFit/vendor/laravel/framework/src/Illuminate/Container/Container.php(576): Illuminate\\Container\\BoundMethod::call(Object(Illuminate\\Foundation\\Application), Array, Array, NULL)
#18 /Applications/MAMP/htdocs/new-vision/aGoodFit/vendor/laravel/framework/src/Illuminate/Console/Command.php(183): Illuminate\\Container\\Container->call(Array)
#19 /Applications/MAMP/htdocs/new-vision/aGoodFit/vendor/symfony/console/Command/Command.php(255): Illuminate\\Console\\Command->execute(Object(Symfony\\Component\\Console\\Input\\ArgvInput), Object(Illuminate\\Console\\OutputStyle))
#20 /Applications/MAMP/htdocs/new-vision/aGoodFit/vendor/laravel/framework/src/Illuminate/Console/Command.php(170): Symfony\\Component\\Console\\Command\\Command->run(Object(Symfony\\Component\\Console\\Input\\ArgvInput), Object(Illuminate\\Console\\OutputStyle))
#21 /Applications/MAMP/htdocs/new-vision/aGoodFit/vendor/symfony/console/Application.php(915): Illuminate\\Console\\Command->run(Object(Symfony\\Component\\Console\\Input\\ArgvInput), Object(Symfony\\Component\\Console\\Output\\ConsoleOutput))
#22 /Applications/MAMP/htdocs/new-vision/aGoodFit/vendor/symfony/console/Application.php(272): Symfony\\Component\\Console\\Application->doRunCommand(Object(Illuminate\\Database\\Console\\Migrations\\RollbackCommand), Object(Symfony\\Component\\Console\\Input\\ArgvInput), Object(Symfony\\Component\\Console\\Output\\ConsoleOutput))
#23 /Applications/MAMP/htdocs/new-vision/aGoodFit/vendor/symfony/console/Application.php(148): Symfony\\Component\\Console\\Application->doRun(Object(Symfony\\Component\\Console\\Input\\ArgvInput), Object(Symfony\\Component\\Console\\Output\\ConsoleOutput))
#24 /Applications/MAMP/htdocs/new-vision/aGoodFit/vendor/laravel/framework/src/Illuminate/Console/Application.php(90): Symfony\\Component\\Console\\Application->run(Object(Symfony\\Component\\Console\\Input\\ArgvInput), Object(Symfony\\Component\\Console\\Output\\ConsoleOutput))
#25 /Applications/MAMP/htdocs/new-vision/aGoodFit/vendor/laravel/framework/src/Illuminate/Foundation/Console/Kernel.php(133): Illuminate\\Console\\Application->run(Object(Symfony\\Component\\Console\\Input\\ArgvInput), Object(Symfony\\Component\\Console\\Output\\ConsoleOutput))
#26 /Applications/MAMP/htdocs/new-vision/aGoodFit/artisan(37): Illuminate\\Foundation\\Console\\Kernel->handle(Object(Symfony\\Component\\Console\\Input\\ArgvInput), Object(Symfony\\Component\\Console\\Output\\ConsoleOutput))
#27 {main}
"} 
[2019-10-21 16:34:35] local.ERROR: Command "0.0.0.0" is not defined. {"exception":"[object] (Symfony\\Component\\Console\\Exception\\CommandNotFoundException(code: 0): Command \"0.0.0.0\" is not defined. at /Applications/MAMP/htdocs/new-vision/aGoodFit/vendor/symfony/console/Application.php:646)
[stacktrace]
#0 /Applications/MAMP/htdocs/new-vision/aGoodFit/vendor/symfony/console/Application.php(236): Symfony\\Component\\Console\\Application->find('0.0.0.0')
#1 /Applications/MAMP/htdocs/new-vision/aGoodFit/vendor/symfony/console/Application.php(148): Symfony\\Component\\Console\\Application->doRun(Object(Symfony\\Component\\Console\\Input\\ArgvInput), Object(Symfony\\Component\\Console\\Output\\ConsoleOutput))
#2 /Applications/MAMP/htdocs/new-vision/aGoodFit/vendor/laravel/framework/src/Illuminate/Console/Application.php(90): Symfony\\Component\\Console\\Application->run(Object(Symfony\\Component\\Console\\Input\\ArgvInput), Object(Symfony\\Component\\Console\\Output\\ConsoleOutput))
#3 /Applications/MAMP/htdocs/new-vision/aGoodFit/vendor/laravel/framework/src/Illuminate/Foundation/Console/Kernel.php(133): Illuminate\\Console\\Application->run(Object(Symfony\\Component\\Console\\Input\\ArgvInput), Object(Symfony\\Component\\Console\\Output\\ConsoleOutput))
#4 /Applications/MAMP/htdocs/new-vision/aGoodFit/artisan(37): Illuminate\\Foundation\\Console\\Kernel->handle(Object(Symfony\\Component\\Console\\Input\\ArgvInput), Object(Symfony\\Component\\Console\\Output\\ConsoleOutput))
#5 {main}
"} 
